app/build/intermediates/manifest_merge_blame_file/debug/manifest-merger-blame-debug-report.txt
1<?xml version="1.0" encoding="utf-8"?>
2<manifest xmlns:android="http://schemas.android.com/apk/res/android"
3    package="com.azhar.infopendakian"
4    android:versionCode="1"
5    android:versionName="1.0" >
6
7    <uses-sdk
8        android:minSdkVersion="21"
8-->src\main\AndroidManifest.xml
9        android:targetSdkVersion="30" />
9-->src\main\AndroidManifest.xml
10
11    <uses-permission android:name="android.permission.INTERNET" />
11-->src\main\AndroidManifest.xml:6:5-67
11-->src\main\AndroidManifest.xml:6:22-64
12    <uses-permission android:name="android.permission.ACCESS_COARSE_LOCATION" />
12-->src\main\AndroidManifest.xml:7:5-81
12-->src\main\AndroidManifest.xml:7:22-78
13    <uses-permission android:name="android.permission.ACCESS_FINE_LOCATION" />
13-->src\main\AndroidManifest.xml:8:5-79
13-->src\main\AndroidManifest.xml:8:22-76
14
15    <application
15-->src\main\AndroidManifest.xml:10:5-35:19
16        android:allowBackup="true"
16-->src\main\AndroidManifest.xml:11:9-35
17        android:appComponentFactory="androidx.core.app.CoreComponentFactory"
17-->[androidx.core:core:1.5.0] AndroidManifest.xml:24:18-86
18        android:debuggable="true"
19        android:icon="@mipmap/ic_launcher"
19-->src\main\AndroidManifest.xml:12:9-43
20        android:label="@string/app_name"
20-->src\main\AndroidManifest.xml:13:9-41
21        android:roundIcon="@mipmap/ic_launcher_round"
21-->src\main\AndroidManifest.xml:14:9-54
22        android:supportsRtl="true"
22-->src\main\AndroidManifest.xml:15:9-35
23        android:testOnly="true"
24        android:theme="@style/AppTheme"
24-->src\main\AndroidManifest.xml:16:9-40
25        android:usesCleartextTraffic="true" >
25-->src\main\AndroidManifest.xml:17:9-44
26        <activity android:name="com.azhar.infopendakian.activities.PeralatanActivity" />
26-->src\main\AndroidManifest.xml:19:9-65
26-->src\main\AndroidManifest.xml:19:19-63
27        <activity android:name="com.azhar.infopendakian.activities.DetailTipsActivity" />
27-->src\main\AndroidManifest.xml:20:9-66
27-->src\main\AndroidManifest.xml:20:19-64
28        <activity android:name="com.azhar.infopendakian.activities.DetailPeralatanActivity" />
28-->src\main\AndroidManifest.xml:21:9-72
28-->src\main\AndroidManifest.xml:21:19-69
29        <activity android:name="com.azhar.infopendakian.activities.DetailGunungActivity" />
29-->src\main\AndroidManifest.xml:22:9-69
29-->src\main\AndroidManifest.xml:22:19-66
30        <activity android:name="com.azhar.infopendakian.activities.ListGunungActivity" />
30-->src\main\AndroidManifest.xml:23:9-67
30-->src\main\AndroidManifest.xml:23:19-64
31        <activity android:name="com.azhar.infopendakian.activities.MainActivity" >
31-->src\main\AndroidManifest.xml:24:9-30:20
31-->src\main\AndroidManifest.xml:24:19-58
32            <intent-filter>
32-->src\main\AndroidManifest.xml:25:13-29:29
33                <action android:name="android.intent.action.MAIN" />
33-->src\main\AndroidManifest.xml:26:17-69
33-->src\main\AndroidManifest.xml:26:25-66
34
35                <category android:name="android.intent.category.LAUNCHER" />
35-->src\main\AndroidManifest.xml:28:17-77
35-->src\main\AndroidManifest.xml:28:27-74
36            </intent-filter>
37        </activity>
38
39        <meta-data
39-->src\main\AndroidManifest.xml:32:9-34:44
40            android:name="com.google.android.geo.API_KEY"
40-->src\main\AndroidManifest.xml:33:13-58
41            android:value="YOUR API KEY" />
41-->src\main\AndroidManifest.xml:34:13-41
42    </application>
43
44</manifest>